2021-07-11 21:32:51.397031 (MainThread): Running with dbt=0.19.2
2021-07-11 21:32:51.483840 (MainThread): running dbt with arguments Namespace(cls=<class 'dbt.task.run.RunTask'>, debug=False, defer=None, exclude=None, fail_fast=False, full_refresh=False, log_cache_events=False, log_format='default', models=None, partial_parse=None, profile=None, profiles_dir='C:\\Users\\merma\\.dbt', project_dir=None, record_timing_info=None, rpc_method='run', selector_name=None, single_threaded=False, state=None, strict=False, target=None, test_new_parser=False, threads=None, use_cache=True, use_colors=None, vars='{}', version_check=True, warn_error=False, which='run', write_json=True)
2021-07-11 21:32:51.484833 (MainThread): Tracking: tracking
2021-07-11 21:32:51.485833 (MainThread): Sending event: {'category': 'dbt', 'action': 'invocation', 'label': 'start', 'context': [<snowplow_tracker.self_describing_json.SelfDescribingJson object at 0x0000013EF15DB760>, <snowplow_tracker.self_describing_json.SelfDescribingJson object at 0x0000013EF1467340>, <snowplow_tracker.self_describing_json.SelfDescribingJson object at 0x0000013EF1600520>]}
2021-07-11 21:32:51.500028 (MainThread): Partial parsing not enabled
2021-07-11 21:32:51.509313 (MainThread): Parsing macros\adapters.sql
2021-07-11 21:32:51.545167 (MainThread): Parsing macros\catalog.sql
2021-07-11 21:32:51.553787 (MainThread): Parsing macros\relations.sql
2021-07-11 21:32:51.560793 (MainThread): Parsing macros\materializations\snapshot_merge.sql
2021-07-11 21:32:51.573814 (MainThread): Parsing macros\core.sql
2021-07-11 21:32:51.586093 (MainThread): Parsing macros\adapters\common.sql
2021-07-11 21:32:51.634126 (MainThread): Parsing macros\etc\datetime.sql
2021-07-11 21:32:51.648139 (MainThread): Parsing macros\etc\get_custom_alias.sql
2021-07-11 21:32:51.655145 (MainThread): Parsing macros\etc\get_custom_database.sql
2021-07-11 21:32:51.663417 (MainThread): Parsing macros\etc\get_custom_schema.sql
2021-07-11 21:32:51.670747 (MainThread): Parsing macros\etc\is_incremental.sql
2021-07-11 21:32:51.677754 (MainThread): Parsing macros\etc\query.sql
2021-07-11 21:32:51.683758 (MainThread): Parsing macros\materializations\helpers.sql
2021-07-11 21:32:51.699116 (MainThread): Parsing macros\materializations\common\merge.sql
2021-07-11 21:32:51.719135 (MainThread): Parsing macros\materializations\incremental\helpers.sql
2021-07-11 21:32:51.726995 (MainThread): Parsing macros\materializations\incremental\incremental.sql
2021-07-11 21:32:51.739014 (MainThread): Parsing macros\materializations\seed\seed.sql
2021-07-11 21:32:51.767179 (MainThread): Parsing macros\materializations\snapshot\snapshot.sql
2021-07-11 21:32:51.802538 (MainThread): Parsing macros\materializations\snapshot\snapshot_merge.sql
2021-07-11 21:32:51.813370 (MainThread): Parsing macros\materializations\snapshot\strategies.sql
2021-07-11 21:32:51.837753 (MainThread): Parsing macros\materializations\table\table.sql
2021-07-11 21:32:51.850508 (MainThread): Parsing macros\materializations\view\create_or_replace_view.sql
2021-07-11 21:32:51.862217 (MainThread): Parsing macros\materializations\view\view.sql
2021-07-11 21:32:51.874237 (MainThread): Parsing macros\schema_tests\accepted_values.sql
2021-07-11 21:32:51.882421 (MainThread): Parsing macros\schema_tests\not_null.sql
2021-07-11 21:32:51.889170 (MainThread): Parsing macros\schema_tests\relationships.sql
2021-07-11 21:32:51.896822 (MainThread): Parsing macros\schema_tests\unique.sql
2021-07-11 21:32:51.903830 (MainThread): Partial parsing not enabled
2021-07-11 21:32:52.063975 (MainThread): Acquiring new postgres connection "model.NBA_Data.my_first_dbt_mode_NBA_Datal".
2021-07-11 21:32:52.078989 (MainThread): Acquiring new postgres connection "model.NBA_Data.my_second_dbt_model".
2021-07-11 21:32:52.154534 (MainThread): WARNING: Found documentation for resource "my_first_dbt_model" which was not found or is disabled
2021-07-11 21:32:52.154534 (MainThread): Sending event: {'category': 'dbt', 'action': 'invocation', 'label': 'end', 'context': [<snowplow_tracker.self_describing_json.SelfDescribingJson object at 0x0000013EFCD0ADF0>, <snowplow_tracker.self_describing_json.SelfDescribingJson object at 0x0000013EFCDB2550>, <snowplow_tracker.self_describing_json.SelfDescribingJson object at 0x0000013EFCDB2910>]}
2021-07-11 21:32:52.155535 (MainThread): Flushing usage events
2021-07-11 21:32:52.243612 (MainThread): Connection 'model.NBA_Data.my_second_dbt_model' was properly closed.
2021-07-11 21:32:52.244624 (MainThread): Encountered an error:
2021-07-11 21:32:52.244829 (MainThread): Compilation Error in model my_second_dbt_model (models\example\my_second_dbt_model.sql)
  Model 'model.NBA_Data.my_second_dbt_model' (models\example\my_second_dbt_model.sql) depends on a node named 'my_first_dbt_model_NBA_Data' which was not found
2021-07-11 21:32:52.280919 (MainThread): Traceback (most recent call last):
  File "c:\users\merma\appdata\local\programs\python\python38\lib\site-packages\dbt\main.py", line 125, in main
    results, succeeded = handle_and_check(args)
  File "c:\users\merma\appdata\local\programs\python\python38\lib\site-packages\dbt\main.py", line 203, in handle_and_check
    task, res = run_from_args(parsed)
  File "c:\users\merma\appdata\local\programs\python\python38\lib\site-packages\dbt\main.py", line 256, in run_from_args
    results = task.run()
  File "c:\users\merma\appdata\local\programs\python\python38\lib\site-packages\dbt\task\runnable.py", line 406, in run
    self._runtime_initialize()
  File "c:\users\merma\appdata\local\programs\python\python38\lib\site-packages\dbt\task\runnable.py", line 122, in _runtime_initialize
    super()._runtime_initialize()
  File "c:\users\merma\appdata\local\programs\python\python38\lib\site-packages\dbt\task\runnable.py", line 79, in _runtime_initialize
    self.load_manifest()
  File "c:\users\merma\appdata\local\programs\python\python38\lib\site-packages\dbt\task\runnable.py", line 66, in load_manifest
    self.manifest = get_full_manifest(self.config)
  File "c:\users\merma\appdata\local\programs\python\python38\lib\site-packages\dbt\perf_utils.py", line 28, in get_full_manifest
    return load_manifest(
  File "c:\users\merma\appdata\local\programs\python\python38\lib\site-packages\dbt\parser\manifest.py", line 904, in load_manifest
    return ManifestLoader.load_all(config, macro_manifest, macro_hook)
  File "c:\users\merma\appdata\local\programs\python\python38\lib\site-packages\dbt\parser\manifest.py", line 486, in load_all
    manifest = loader.create_manifest()
  File "c:\users\merma\appdata\local\programs\python\python38\lib\site-packages\dbt\parser\manifest.py", line 464, in create_manifest
    self.process_manifest(manifest)
  File "c:\users\merma\appdata\local\programs\python\python38\lib\site-packages\dbt\parser\manifest.py", line 430, in process_manifest
    process_refs(manifest, project_name)
  File "c:\users\merma\appdata\local\programs\python\python38\lib\site-packages\dbt\parser\manifest.py", line 800, in process_refs
    _process_refs_for_node(manifest, current_project, node)
  File "c:\users\merma\appdata\local\programs\python\python38\lib\site-packages\dbt\parser\manifest.py", line 782, in _process_refs_for_node
    invalid_ref_fail_unless_test(
  File "c:\users\merma\appdata\local\programs\python\python38\lib\site-packages\dbt\parser\manifest.py", line 525, in invalid_ref_fail_unless_test
    ref_target_not_found(
  File "c:\users\merma\appdata\local\programs\python\python38\lib\site-packages\dbt\exceptions.py", line 566, in ref_target_not_found
    raise_compiler_error(msg, model)
  File "c:\users\merma\appdata\local\programs\python\python38\lib\site-packages\dbt\exceptions.py", line 435, in raise_compiler_error
    raise CompilationException(msg, node)
dbt.exceptions.CompilationException: Compilation Error in model my_second_dbt_model (models\example\my_second_dbt_model.sql)
  Model 'model.NBA_Data.my_second_dbt_model' (models\example\my_second_dbt_model.sql) depends on a node named 'my_first_dbt_model_NBA_Data' which was not found

2021-07-11 21:33:45.436627 (MainThread): Running with dbt=0.19.2
2021-07-11 21:33:45.519677 (MainThread): running dbt with arguments Namespace(cls=<class 'dbt.task.run.RunTask'>, debug=False, defer=None, exclude=None, fail_fast=False, full_refresh=False, log_cache_events=False, log_format='default', models=None, partial_parse=None, profile=None, profiles_dir='C:\\Users\\merma\\.dbt', project_dir=None, record_timing_info=None, rpc_method='run', selector_name=None, single_threaded=False, state=None, strict=False, target=None, test_new_parser=False, threads=None, use_cache=True, use_colors=None, vars='{}', version_check=True, warn_error=False, which='run', write_json=True)
2021-07-11 21:33:45.520679 (MainThread): Tracking: tracking
2021-07-11 21:33:45.520679 (MainThread): Sending event: {'category': 'dbt', 'action': 'invocation', 'label': 'start', 'context': [<snowplow_tracker.self_describing_json.SelfDescribingJson object at 0x000001BD42F0A460>, <snowplow_tracker.self_describing_json.SelfDescribingJson object at 0x000001BD42D97280>, <snowplow_tracker.self_describing_json.SelfDescribingJson object at 0x000001BD42F313A0>]}
2021-07-11 21:33:45.529679 (MainThread): Partial parsing not enabled
2021-07-11 21:33:45.530688 (MainThread): Parsing macros\adapters.sql
2021-07-11 21:33:45.551707 (MainThread): Parsing macros\catalog.sql
2021-07-11 21:33:45.553709 (MainThread): Parsing macros\relations.sql
2021-07-11 21:33:45.555711 (MainThread): Parsing macros\materializations\snapshot_merge.sql
2021-07-11 21:33:45.559714 (MainThread): Parsing macros\core.sql
2021-07-11 21:33:45.563718 (MainThread): Parsing macros\adapters\common.sql
2021-07-11 21:33:45.606757 (MainThread): Parsing macros\etc\datetime.sql
2021-07-11 21:33:45.615765 (MainThread): Parsing macros\etc\get_custom_alias.sql
2021-07-11 21:33:45.616767 (MainThread): Parsing macros\etc\get_custom_database.sql
2021-07-11 21:33:45.617767 (MainThread): Parsing macros\etc\get_custom_schema.sql
2021-07-11 21:33:45.619768 (MainThread): Parsing macros\etc\is_incremental.sql
2021-07-11 21:33:45.621771 (MainThread): Parsing macros\etc\query.sql
2021-07-11 21:33:45.622771 (MainThread): Parsing macros\materializations\helpers.sql
2021-07-11 21:33:45.631780 (MainThread): Parsing macros\materializations\common\merge.sql
2021-07-11 21:33:45.645792 (MainThread): Parsing macros\materializations\incremental\helpers.sql
2021-07-11 21:33:45.647794 (MainThread): Parsing macros\materializations\incremental\incremental.sql
2021-07-11 21:33:45.653799 (MainThread): Parsing macros\materializations\seed\seed.sql
2021-07-11 21:33:45.674819 (MainThread): Parsing macros\materializations\snapshot\snapshot.sql
2021-07-11 21:33:45.705847 (MainThread): Parsing macros\materializations\snapshot\snapshot_merge.sql
2021-07-11 21:33:45.707848 (MainThread): Parsing macros\materializations\snapshot\strategies.sql
2021-07-11 21:33:45.725865 (MainThread): Parsing macros\materializations\table\table.sql
2021-07-11 21:33:45.731871 (MainThread): Parsing macros\materializations\view\create_or_replace_view.sql
2021-07-11 21:33:45.737876 (MainThread): Parsing macros\materializations\view\view.sql
2021-07-11 21:33:45.743881 (MainThread): Parsing macros\schema_tests\accepted_values.sql
2021-07-11 21:33:45.746884 (MainThread): Parsing macros\schema_tests\not_null.sql
2021-07-11 21:33:45.747885 (MainThread): Parsing macros\schema_tests\relationships.sql
2021-07-11 21:33:45.749887 (MainThread): Parsing macros\schema_tests\unique.sql
2021-07-11 21:33:45.756894 (MainThread): Partial parsing not enabled
2021-07-11 21:33:45.916037 (MainThread): Acquiring new postgres connection "model.NBA_Data.my_first_dbt_mode_NBA_Datal".
2021-07-11 21:33:45.984091 (MainThread): WARNING: Found documentation for resource "my_first_dbt_model" which was not found or is disabled
2021-07-11 21:33:45.984091 (MainThread): WARNING: Found documentation for resource "my_second_dbt_model" which was not found or is disabled
2021-07-11 21:33:45.984091 (MainThread): [WARNING]: Test 'test.NBA_Data.unique_my_first_dbt_model_id' (models\example\schema.yml) depends on a node named 'my_first_dbt_model' which was not found
2021-07-11 21:33:45.985092 (MainThread): [WARNING]: Test 'test.NBA_Data.not_null_my_first_dbt_model_id' (models\example\schema.yml) depends on a node named 'my_first_dbt_model' which was not found
2021-07-11 21:33:45.985092 (MainThread): [WARNING]: Test 'test.NBA_Data.unique_my_second_dbt_model_id' (models\example\schema.yml) depends on a node named 'my_second_dbt_model' which was not found
2021-07-11 21:33:45.985092 (MainThread): [WARNING]: Test 'test.NBA_Data.not_null_my_second_dbt_model_id' (models\example\schema.yml) depends on a node named 'my_second_dbt_model' which was not found
2021-07-11 21:33:45.991098 (MainThread): Sending event: {'category': 'dbt', 'action': 'load_project', 'label': 'b9c34cf3-b92b-4868-b6a2-c03877ef5226', 'context': [<snowplow_tracker.self_describing_json.SelfDescribingJson object at 0x000001BD7E726BB0>]}
2021-07-11 21:33:45.996102 (MainThread): Sending event: {'category': 'dbt', 'action': 'resource_counts', 'label': 'b9c34cf3-b92b-4868-b6a2-c03877ef5226', 'context': [<snowplow_tracker.self_describing_json.SelfDescribingJson object at 0x000001BD7E617D30>]}
2021-07-11 21:33:45.996102 (MainThread): Found 1 model, 0 tests, 0 snapshots, 0 analyses, 138 macros, 0 operations, 0 seed files, 0 sources, 0 exposures
2021-07-11 21:33:45.997103 (MainThread): 
2021-07-11 21:33:45.998105 (MainThread): Acquiring new postgres connection "master".
2021-07-11 21:33:45.999106 (ThreadPoolExecutor-0_0): Acquiring new postgres connection "list_NBA_Data".
2021-07-11 21:33:46.009113 (ThreadPoolExecutor-0_0): Using postgres connection "list_NBA_Data".
2021-07-11 21:33:46.009113 (ThreadPoolExecutor-0_0): On list_NBA_Data: /* {"app": "dbt", "dbt_version": "0.19.2", "profile_name": "postgres", "target_name": "dev", "connection_name": "list_NBA_Data"} */

    select distinct nspname from pg_namespace
  
2021-07-11 21:33:46.010114 (ThreadPoolExecutor-0_0): Opening a new connection, currently in state init
2021-07-11 21:33:46.050151 (ThreadPoolExecutor-0_0): SQL status: SELECT 4 in 0.04 seconds
2021-07-11 21:33:46.053153 (ThreadPoolExecutor-0_0): On list_NBA_Data: Close
2021-07-11 21:33:46.055156 (ThreadPoolExecutor-1_0): Acquiring new postgres connection "list_NBA_Data_public".
2021-07-11 21:33:46.060160 (ThreadPoolExecutor-1_0): Using postgres connection "list_NBA_Data_public".
2021-07-11 21:33:46.060160 (ThreadPoolExecutor-1_0): On list_NBA_Data_public: BEGIN
2021-07-11 21:33:46.060160 (ThreadPoolExecutor-1_0): Opening a new connection, currently in state init
2021-07-11 21:33:46.096193 (ThreadPoolExecutor-1_0): SQL status: BEGIN in 0.04 seconds
2021-07-11 21:33:46.097194 (ThreadPoolExecutor-1_0): Using postgres connection "list_NBA_Data_public".
2021-07-11 21:33:46.097194 (ThreadPoolExecutor-1_0): On list_NBA_Data_public: /* {"app": "dbt", "dbt_version": "0.19.2", "profile_name": "postgres", "target_name": "dev", "connection_name": "list_NBA_Data_public"} */
select
      'NBA_Data' as database,
      tablename as name,
      schemaname as schema,
      'table' as type
    from pg_tables
    where schemaname ilike 'public'
    union all
    select
      'NBA_Data' as database,
      viewname as name,
      schemaname as schema,
      'view' as type
    from pg_views
    where schemaname ilike 'public'
  
2021-07-11 21:33:46.103199 (ThreadPoolExecutor-1_0): SQL status: SELECT 1 in 0.01 seconds
2021-07-11 21:33:46.104200 (ThreadPoolExecutor-1_0): On list_NBA_Data_public: ROLLBACK
2021-07-11 21:33:46.104200 (ThreadPoolExecutor-1_0): On list_NBA_Data_public: Close
2021-07-11 21:33:46.108204 (MainThread): Using postgres connection "master".
2021-07-11 21:33:46.108204 (MainThread): On master: BEGIN
2021-07-11 21:33:46.108204 (MainThread): Opening a new connection, currently in state init
2021-07-11 21:33:46.257633 (MainThread): SQL status: BEGIN in 0.15 seconds
2021-07-11 21:33:46.258635 (MainThread): Using postgres connection "master".
2021-07-11 21:33:46.258635 (MainThread): On master: /* {"app": "dbt", "dbt_version": "0.19.2", "profile_name": "postgres", "target_name": "dev", "connection_name": "master"} */
with relation as (
        select
            pg_rewrite.ev_class as class,
            pg_rewrite.oid as id
        from pg_rewrite
    ),
    class as (
        select
            oid as id,
            relname as name,
            relnamespace as schema,
            relkind as kind
        from pg_class
    ),
    dependency as (
        select
            pg_depend.objid as id,
            pg_depend.refobjid as ref
        from pg_depend
    ),
    schema as (
        select
            pg_namespace.oid as id,
            pg_namespace.nspname as name
        from pg_namespace
        where nspname != 'information_schema' and nspname not like 'pg\_%'
    ),
    referenced as (
        select
            relation.id AS id,
            referenced_class.name ,
            referenced_class.schema ,
            referenced_class.kind
        from relation
        join class as referenced_class on relation.class=referenced_class.id
        where referenced_class.kind in ('r', 'v')
    ),
    relationships as (
        select
            referenced.name as referenced_name,
            referenced.schema as referenced_schema_id,
            dependent_class.name as dependent_name,
            dependent_class.schema as dependent_schema_id,
            referenced.kind as kind
        from referenced
        join dependency on referenced.id=dependency.id
        join class as dependent_class on dependency.ref=dependent_class.id
        where
            (referenced.name != dependent_class.name or
             referenced.schema != dependent_class.schema)
    )

    select
        referenced_schema.name as referenced_schema,
        relationships.referenced_name as referenced_name,
        dependent_schema.name as dependent_schema,
        relationships.dependent_name as dependent_name
    from relationships
    join schema as dependent_schema on relationships.dependent_schema_id=dependent_schema.id
    join schema as referenced_schema on relationships.referenced_schema_id=referenced_schema.id
    group by referenced_schema, referenced_name, dependent_schema, dependent_name
    order by referenced_schema, referenced_name, dependent_schema, dependent_name;
2021-07-11 21:33:46.265640 (MainThread): SQL status: SELECT 0 in 0.01 seconds
2021-07-11 21:33:46.266641 (MainThread): On master: ROLLBACK
2021-07-11 21:33:46.266641 (MainThread): Using postgres connection "master".
2021-07-11 21:33:46.266641 (MainThread): On master: BEGIN
2021-07-11 21:33:46.267642 (MainThread): SQL status: BEGIN in 0.00 seconds
2021-07-11 21:33:46.267642 (MainThread): On master: COMMIT
2021-07-11 21:33:46.267642 (MainThread): Using postgres connection "master".
2021-07-11 21:33:46.267642 (MainThread): On master: COMMIT
2021-07-11 21:33:46.267642 (MainThread): SQL status: COMMIT in 0.00 seconds
2021-07-11 21:33:46.267642 (MainThread): On master: Close
2021-07-11 21:33:46.268635 (MainThread): 17:33:46 | Concurrency: 5 threads (target='dev')
2021-07-11 21:33:46.268635 (MainThread): 17:33:46 | 
2021-07-11 21:33:46.272640 (Thread-1): Began running node model.NBA_Data.my_first_dbt_mode_NBA_Datal
2021-07-11 21:33:46.272640 (Thread-1): 17:33:46 | 1 of 1 START table model public.my_first_dbt_mode_NBA_Datal.......... [RUN]
2021-07-11 21:33:46.273640 (Thread-1): Acquiring new postgres connection "model.NBA_Data.my_first_dbt_mode_NBA_Datal".
2021-07-11 21:33:46.273640 (Thread-1): Compiling model.NBA_Data.my_first_dbt_mode_NBA_Datal
2021-07-11 21:33:46.276651 (Thread-1): Writing injected SQL for node "model.NBA_Data.my_first_dbt_mode_NBA_Datal"
2021-07-11 21:33:46.278644 (Thread-1): finished collecting timing info
2021-07-11 21:33:46.296660 (Thread-1): Using postgres connection "model.NBA_Data.my_first_dbt_mode_NBA_Datal".
2021-07-11 21:33:46.296660 (Thread-1): On model.NBA_Data.my_first_dbt_mode_NBA_Datal: /* {"app": "dbt", "dbt_version": "0.19.2", "profile_name": "postgres", "target_name": "dev", "node_id": "model.NBA_Data.my_first_dbt_mode_NBA_Datal"} */
drop table if exists "NBA_Data"."public"."my_first_dbt_mode_NBA_Datal__dbt_tmp" cascade
2021-07-11 21:33:46.296660 (Thread-1): Opening a new connection, currently in state init
2021-07-11 21:33:46.334703 (Thread-1): SQL status: DROP TABLE in 0.04 seconds
2021-07-11 21:33:46.336705 (Thread-1): Using postgres connection "model.NBA_Data.my_first_dbt_mode_NBA_Datal".
2021-07-11 21:33:46.336705 (Thread-1): On model.NBA_Data.my_first_dbt_mode_NBA_Datal: /* {"app": "dbt", "dbt_version": "0.19.2", "profile_name": "postgres", "target_name": "dev", "node_id": "model.NBA_Data.my_first_dbt_mode_NBA_Datal"} */
drop table if exists "NBA_Data"."public"."my_first_dbt_mode_NBA_Datal__dbt_backup" cascade
2021-07-11 21:33:46.337706 (Thread-1): SQL status: DROP TABLE in 0.00 seconds
2021-07-11 21:33:46.347715 (Thread-1): Writing runtime SQL for node "model.NBA_Data.my_first_dbt_mode_NBA_Datal"
2021-07-11 21:33:46.349708 (Thread-1): Using postgres connection "model.NBA_Data.my_first_dbt_mode_NBA_Datal".
2021-07-11 21:33:46.349708 (Thread-1): On model.NBA_Data.my_first_dbt_mode_NBA_Datal: BEGIN
2021-07-11 21:33:46.350709 (Thread-1): SQL status: BEGIN in 0.00 seconds
2021-07-11 21:33:46.350709 (Thread-1): Using postgres connection "model.NBA_Data.my_first_dbt_mode_NBA_Datal".
2021-07-11 21:33:46.350709 (Thread-1): On model.NBA_Data.my_first_dbt_mode_NBA_Datal: /* {"app": "dbt", "dbt_version": "0.19.2", "profile_name": "postgres", "target_name": "dev", "node_id": "model.NBA_Data.my_first_dbt_mode_NBA_Datal"} */


  create  table "NBA_Data"."public"."my_first_dbt_mode_NBA_Datal__dbt_tmp"
  as (
    /*
    Welcome to your first dbt model!
    Did you know that you can also configure models directly within SQL files?
    This will override configurations stated in dbt_project.yml

    Try changing "table" to "view" below
*/



with source_data as (

    select * from public.all_years_data

)

select *
from source_data

/*
    Uncomment the line below to remove records with null `id` values
*/

-- where id is not null
  );
2021-07-11 21:33:46.371728 (Thread-1): SQL status: SELECT 11229 in 0.02 seconds
2021-07-11 21:33:46.377742 (Thread-1): Using postgres connection "model.NBA_Data.my_first_dbt_mode_NBA_Datal".
2021-07-11 21:33:46.377742 (Thread-1): On model.NBA_Data.my_first_dbt_mode_NBA_Datal: /* {"app": "dbt", "dbt_version": "0.19.2", "profile_name": "postgres", "target_name": "dev", "node_id": "model.NBA_Data.my_first_dbt_mode_NBA_Datal"} */
alter table "NBA_Data"."public"."my_first_dbt_mode_NBA_Datal__dbt_tmp" rename to "my_first_dbt_mode_NBA_Datal"
2021-07-11 21:33:46.377742 (Thread-1): SQL status: ALTER TABLE in 0.00 seconds
2021-07-11 21:33:46.384740 (Thread-1): On model.NBA_Data.my_first_dbt_mode_NBA_Datal: COMMIT
2021-07-11 21:33:46.384740 (Thread-1): Using postgres connection "model.NBA_Data.my_first_dbt_mode_NBA_Datal".
2021-07-11 21:33:46.384740 (Thread-1): On model.NBA_Data.my_first_dbt_mode_NBA_Datal: COMMIT
2021-07-11 21:33:46.390754 (Thread-1): SQL status: COMMIT in 0.01 seconds
2021-07-11 21:33:46.393756 (Thread-1): Using postgres connection "model.NBA_Data.my_first_dbt_mode_NBA_Datal".
2021-07-11 21:33:46.393756 (Thread-1): On model.NBA_Data.my_first_dbt_mode_NBA_Datal: /* {"app": "dbt", "dbt_version": "0.19.2", "profile_name": "postgres", "target_name": "dev", "node_id": "model.NBA_Data.my_first_dbt_mode_NBA_Datal"} */
drop table if exists "NBA_Data"."public"."my_first_dbt_mode_NBA_Datal__dbt_backup" cascade
2021-07-11 21:33:46.394749 (Thread-1): SQL status: DROP TABLE in 0.00 seconds
2021-07-11 21:33:46.395750 (Thread-1): finished collecting timing info
2021-07-11 21:33:46.395750 (Thread-1): On model.NBA_Data.my_first_dbt_mode_NBA_Datal: Close
2021-07-11 21:33:46.395750 (Thread-1): Sending event: {'category': 'dbt', 'action': 'run_model', 'label': 'b9c34cf3-b92b-4868-b6a2-c03877ef5226', 'context': [<snowplow_tracker.self_describing_json.SelfDescribingJson object at 0x000001BD7E7B1FD0>]}
2021-07-11 21:33:46.396753 (Thread-1): 17:33:46 | 1 of 1 OK created table model public.my_first_dbt_mode_NBA_Datal..... [SELECT 11229 in 0.12s]
2021-07-11 21:33:46.396753 (Thread-1): Finished running node model.NBA_Data.my_first_dbt_mode_NBA_Datal
2021-07-11 21:33:46.397752 (MainThread): Acquiring new postgres connection "master".
2021-07-11 21:33:46.397752 (MainThread): Using postgres connection "master".
2021-07-11 21:33:46.397752 (MainThread): On master: BEGIN
2021-07-11 21:33:46.398752 (MainThread): Opening a new connection, currently in state closed
2021-07-11 21:33:46.435795 (MainThread): SQL status: BEGIN in 0.04 seconds
2021-07-11 21:33:46.435795 (MainThread): On master: COMMIT
2021-07-11 21:33:46.436796 (MainThread): Using postgres connection "master".
2021-07-11 21:33:46.436796 (MainThread): On master: COMMIT
2021-07-11 21:33:46.436796 (MainThread): SQL status: COMMIT in 0.00 seconds
2021-07-11 21:33:46.436796 (MainThread): On master: Close
2021-07-11 21:33:46.436796 (MainThread): 17:33:46 | 
2021-07-11 21:33:46.437787 (MainThread): 17:33:46 | Finished running 1 table model in 0.44s.
2021-07-11 21:33:46.437787 (MainThread): Connection 'master' was properly closed.
2021-07-11 21:33:46.437787 (MainThread): Connection 'list_NBA_Data' was properly closed.
2021-07-11 21:33:46.437787 (MainThread): Connection 'list_NBA_Data_public' was properly closed.
2021-07-11 21:33:46.437787 (MainThread): Connection 'model.NBA_Data.my_first_dbt_mode_NBA_Datal' was properly closed.
2021-07-11 21:33:46.441792 (MainThread): 
2021-07-11 21:33:46.442793 (MainThread): Completed successfully
2021-07-11 21:33:46.442793 (MainThread): 
Done. PASS=1 WARN=0 ERROR=0 SKIP=0 TOTAL=1
2021-07-11 21:33:46.443793 (MainThread): Sending event: {'category': 'dbt', 'action': 'invocation', 'label': 'end', 'context': [<snowplow_tracker.self_describing_json.SelfDescribingJson object at 0x000001BD7E6F1CA0>, <snowplow_tracker.self_describing_json.SelfDescribingJson object at 0x000001BD7E791970>, <snowplow_tracker.self_describing_json.SelfDescribingJson object at 0x000001BD7E786910>]}
2021-07-11 21:33:46.443793 (MainThread): Flushing usage events
